info it worked if it ends with ok
verbose cli [ 'node', '/usr/local/bin/npm', 'publish' ]
info using npm@1.1.16
info using node@v0.6.15
verbose config file /Users/wyatt/.npmrc
verbose config file /usr/local/etc/npmrc
verbose config file /usr/local/lib/node_modules/npm/npmrc
verbose publish [ '.' ]
verbose caching /Users/wyatt/Github/OAuth/server/package.json
verbose loadDefaults OAuth@2.0.25
info prepublish OAuth@2.0.25
verbose cache add [ '.', null ]
silly cache add: name, spec, args [ undefined, '.', [ '.', null ] ]
verbose parsed url { pathname: '.', path: '.', href: '.' }
verbose caching package.json
verbose loadDefaults OAuth@2.0.25
verbose tar.pack [ '/var/folders/rh/hyfm_vn53yzgcg8tg6dpjc5c0000gn/T/npm-1339121942835/1339121942835-0.916233915137127/tmp.tgz',
verbose tar.pack   '.' ]
verbose tarball /var/folders/rh/hyfm_vn53yzgcg8tg6dpjc5c0000gn/T/npm-1339121942835/1339121942835-0.916233915137127/tmp.tgz
verbose folder .
verbose unpack /var/folders/rh/hyfm_vn53yzgcg8tg6dpjc5c0000gn/T/npm-1339121942835/1339121942835-0.916233915137127/tmp.tgz
silly gunzTarPerm modes [ '755', '644' ]
silly extracting entry package.json
silly extracting entry context.js
silly extracting entry errors.js
silly extracting entry grantTypes.js
silly extracting entry oauthService.js
verbose caching /var/folders/rh/hyfm_vn53yzgcg8tg6dpjc5c0000gn/T/npm-1339121942835/1339121942835-0.916233915137127/package/package.json
verbose loadDefaults OAuth@2.0.25
verbose from cache /var/folders/rh/hyfm_vn53yzgcg8tg6dpjc5c0000gn/T/npm-1339121942835/1339121942835-0.916233915137127/package/package.json
verbose tar.pack [ '/Users/wyatt/.npm/OAuth/2.0.25/package.tgz',
verbose tar.pack   '/var/folders/rh/hyfm_vn53yzgcg8tg6dpjc5c0000gn/T/npm-1339121942835/1339121942835-0.916233915137127/package' ]
verbose tarball /Users/wyatt/.npm/OAuth/2.0.25/package.tgz
verbose folder /var/folders/rh/hyfm_vn53yzgcg8tg6dpjc5c0000gn/T/npm-1339121942835/1339121942835-0.916233915137127/package
verbose unpack /Users/wyatt/.npm/OAuth/2.0.25/package.tgz
silly gunzTarPerm modes [ '755', '644' ]
silly extracting entry package.json
silly extracting entry context.js
silly extracting entry errors.js
silly extracting entry grantTypes.js
silly extracting entry oauthService.js
verbose caching /Users/wyatt/.npm/OAuth/2.0.25/package/package.json
verbose loadDefaults OAuth@2.0.25
silly updated sha bytes 2903
info shasum aeff4efa49ed27fec8bfbf99364977c7b3e0e98a
info shasum /Users/wyatt/.npm/OAuth/2.0.25/package.tgz
verbose from cache /Users/wyatt/.npm/OAuth/2.0.25/package/package.json
verbose chmod /Users/wyatt/.npm/OAuth/2.0.25/package.tgz 644
verbose chown [ '/Users/wyatt/.npm/OAuth/2.0.25/package.tgz', 501, 20 ]
silly publish { author: 
silly publish    { name: 'Wyatt Preul',
silly publish      email: 'wpreul@gmail.com',
silly publish      url: 'http://kittenbubbles.com' },
silly publish   name: 'OAuth',
silly publish   description: 'OAuth Provider for v2.25 of spec',
silly publish   keywords: [ 'oauth', 'provider' ],
silly publish   version: '2.0.25',
silly publish   homepage: 'https://github.com/wpreul/oauth',
silly publish   repository: { type: 'git', url: 'git://github.com/wpreul/oauth.git' },
silly publish   bugs: { url: 'https://github.com/wpreu/oauth/issues' },
silly publish   dependencies: {},
silly publish   devDependencies: {},
silly publish   optionalDependencies: {},
silly publish   engines: { node: '*' },
silly publish   _npmUser: { name: 'wyatt', email: 'wpreul@gmail.com' },
silly publish   _id: 'OAuth@2.0.25',
silly publish   _engineSupported: true,
silly publish   _npmVersion: '1.1.16',
silly publish   _nodeVersion: 'v0.6.15',
silly publish   _defaultsLoaded: true,
silly publish   dist: 
silly publish    { shasum: 'aeff4efa49ed27fec8bfbf99364977c7b3e0e98a',
silly publish      tarball: 'http://registry.npmjs.org/OAuth/-/OAuth-2.0.25.tgz' } }
verbose raw, before any munging OAuth
verbose url resolving [ 'https://registry.npmjs.org/', './OAuth' ]
verbose url resolved https://registry.npmjs.org/OAuth
http PUT https://registry.npmjs.org/OAuth
http 409 https://registry.npmjs.org/OAuth
verbose raw, before any munging OAuth
verbose url resolving [ 'https://registry.npmjs.org/', './OAuth' ]
verbose url resolved https://registry.npmjs.org/OAuth
http GET https://registry.npmjs.org/OAuth
http 200 https://registry.npmjs.org/OAuth
info Already published OAuth@2.0.25
verbose uploading bin dists []
ERR! publish fail Cannot publish over existing version.
ERR! publish fail Bump the 'version' field, set the --force flag, or
ERR! publish fail     npm unpublish 'OAuth@2.0.25'
ERR! publish fail and try again
ERR! 
ERR! System Darwin 11.4.0
ERR! command "node" "/usr/local/bin/npm" "publish"
ERR! cwd /Users/wyatt/Github/OAuth/server
ERR! node -v v0.6.15
ERR! npm -v 1.1.16
ERR! code EPUBLISHCONFLICT
ERR! message publish fail
ERR! errno {}
verbose exit [ 1, true ]
